#
# There is insufficient memory for the Java Runtime Environment to continue.
# Native memory allocation (mmap) failed to map 67108864 bytes for G1 virtual space
# Possible reasons:
#   The system is out of physical RAM or swap space
#   The process is running with CompressedOops enabled, and the Java Heap may be blocking the growth of the native heap
# Possible solutions:
#   Reduce memory load on the system
#   Increase physical memory or swap space
#   Check if swap backing store is full
#   Decrease Java heap size (-Xmx/-Xms)
#   Decrease number of Java threads
#   Decrease Java thread stack sizes (-Xss)
#   Set larger code cache with -XX:ReservedCodeCacheSize=
#   JVM is running with Zero Based Compressed Oops mode in which the Java heap is
#     placed in the first 32GB address space. The Java Heap base address is the
#     maximum limit for the native heap growth. Please use -XX:HeapBaseMinAddress
#     to set the Java Heap base and to place the Java Heap above 32GB virtual address.
# This output file may be truncated or incomplete.
#
#  Out of Memory Error (os_windows.cpp:3825), pid=22016, tid=34328
#
# JRE version: OpenJDK Runtime Environment (17.0.9) (build 17.0.9+0--11185874)
# Java VM: OpenJDK 64-Bit Server VM (17.0.9+0--11185874, mixed mode, tiered, compressed oops, compressed class ptrs, g1 gc, windows-amd64)
# No core dump will be written. Minidumps are not enabled by default on client versions of Windows
#

---------------  S U M M A R Y ------------

Command Line: org.jetbrains.kotlin.cli.jvm.K2JVMCompiler @D:\University\NetflixFinal\app\build\20240331_5229122250456000477.compiler.options

Host: AMD Ryzen 7 4800H with Radeon Graphics         , 16 cores, 15G,  Windows 11 , 64 bit Build 22621 (10.0.22621.3235)
Time: Sun Mar 31 03:16:59 2024 SE Asia Standard Time elapsed time: 21.085727 seconds (0d 0h 0m 21s)

---------------  T H R E A D  ---------------

Current thread (0x00000172e2082b30):  VMThread "VM Thread" [stack: 0x000000213d300000,0x000000213d400000] [id=34328]

Stack: [0x000000213d300000,0x000000213d400000]
Native frames: (J=compiled Java code, j=interpreted, Vv=VM code, C=native code)
V  [jvm.dll+0x6886e9]
V  [jvm.dll+0x841e4a]
V  [jvm.dll+0x843a8e]
V  [jvm.dll+0x8440f3]
V  [jvm.dll+0x24c14f]
V  [jvm.dll+0x685499]
V  [jvm.dll+0x679c2a]
V  [jvm.dll+0x30cf9b]
V  [jvm.dll+0x314446]
V  [jvm.dll+0x36425e]
V  [jvm.dll+0x36448f]
V  [jvm.dll+0x2e2d68]
V  [jvm.dll+0x2e0f44]
V  [jvm.dll+0x2e054c]
V  [jvm.dll+0x3253fb]
V  [jvm.dll+0x8487eb]
V  [jvm.dll+0x849531]
V  [jvm.dll+0x849a4d]
V  [jvm.dll+0x849e24]
V  [jvm.dll+0x849ef0]
V  [jvm.dll+0x7f06aa]
V  [jvm.dll+0x687565]
C  [ucrtbase.dll+0x29363]
C  [KERNEL32.DLL+0x1257d]
C  [ntdll.dll+0x5aa58]

VM_Operation (0x000000213cdf8df0): G1CollectForAllocation, mode: safepoint, requested by thread 0x00000172bec1c9e0


---------------  P R O C E S S  ---------------

Threads class SMR info:
_java_thread_list=0x00000172e6c708c0, length=21, elements={
0x00000172bec1c9e0, 0x00000172e2095260, 0x00000172e2043f90, 0x00000172e2062d00,
0x00000172e2065830, 0x00000172e20661f0, 0x00000172e2066bb0, 0x00000172e20e1730,
0x00000172e20e2040, 0x00000172e20e3160, 0x00000172e2224f10, 0x00000172e222b450,
0x00000172e222c790, 0x00000172e2266060, 0x00000172e22772c0, 0x00000172e22fe2d0,
0x00000172e28b5ac0, 0x00000172e3bcea10, 0x00000172e3956020, 0x00000172e5116010,
0x00000172e84be150
}

Java Threads: ( => current thread )
  0x00000172bec1c9e0 JavaThread "main" [_thread_blocked, id=32660, stack(0x000000213cd00000,0x000000213ce00000)]
  0x00000172e2095260 JavaThread "Reference Handler" daemon [_thread_blocked, id=24516, stack(0x000000213d400000,0x000000213d500000)]
  0x00000172e2043f90 JavaThread "Finalizer" daemon [_thread_blocked, id=24888, stack(0x000000213d500000,0x000000213d600000)]
  0x00000172e2062d00 JavaThread "Signal Dispatcher" daemon [_thread_blocked, id=1128, stack(0x000000213d600000,0x000000213d700000)]
  0x00000172e2065830 JavaThread "Attach Listener" daemon [_thread_blocked, id=26760, stack(0x000000213d700000,0x000000213d800000)]
  0x00000172e20661f0 JavaThread "Service Thread" daemon [_thread_blocked, id=4680, stack(0x000000213d800000,0x000000213d900000)]
  0x00000172e2066bb0 JavaThread "Monitor Deflation Thread" daemon [_thread_blocked, id=21940, stack(0x000000213d900000,0x000000213da00000)]
  0x00000172e20e1730 JavaThread "C2 CompilerThread0" daemon [_thread_blocked, id=29336, stack(0x000000213da00000,0x000000213db00000)]
  0x00000172e20e2040 JavaThread "C1 CompilerThread0" daemon [_thread_blocked, id=9168, stack(0x000000213db00000,0x000000213dc00000)]
  0x00000172e20e3160 JavaThread "Sweeper thread" daemon [_thread_blocked, id=29284, stack(0x000000213dc00000,0x000000213dd00000)]
  0x00000172e2224f10 JavaThread "C1 CompilerThread1" daemon [_thread_blocked, id=22284, stack(0x000000213dd00000,0x000000213de00000)]
  0x00000172e222b450 JavaThread "C1 CompilerThread2" daemon [_thread_blocked, id=15100, stack(0x000000213de00000,0x000000213df00000)]
  0x00000172e222c790 JavaThread "C1 CompilerThread3" daemon [_thread_blocked, id=3376, stack(0x000000213df00000,0x000000213e000000)]
  0x00000172e2266060 JavaThread "Notification Thread" daemon [_thread_blocked, id=22036, stack(0x000000213e000000,0x000000213e100000)]
  0x00000172e22772c0 JavaThread "Common-Cleaner" daemon [_thread_blocked, id=1148, stack(0x000000213e200000,0x000000213e300000)]
  0x00000172e22fe2d0 JavaThread "C2 CompilerThread1" daemon [_thread_blocked, id=20572, stack(0x000000213e300000,0x000000213e400000)]
  0x00000172e28b5ac0 JavaThread "C2 CompilerThread2" daemon [_thread_blocked, id=21528, stack(0x000000213e800000,0x000000213e900000)]
  0x00000172e3bcea10 JavaThread "C2 CompilerThread3" daemon [_thread_blocked, id=22032, stack(0x000000213f100000,0x000000213f200000)]
  0x00000172e3956020 JavaThread "C2 CompilerThread4" daemon [_thread_blocked, id=20456, stack(0x000000213f200000,0x000000213f300000)]
  0x00000172e5116010 JavaThread "C2 CompilerThread5" daemon [_thread_in_native, id=228, stack(0x000000213f300000,0x000000213f400000)]
  0x00000172e84be150 JavaThread "C2 CompilerThread6" daemon [_thread_blocked, id=27416, stack(0x000000213f400000,0x000000213f500000)]

Other Threads:
=>0x00000172e2082b30 VMThread "VM Thread" [stack: 0x000000213d300000,0x000000213d400000] [id=34328]
  0x00000172e226a970 WatcherThread [stack: 0x000000213e100000,0x000000213e200000] [id=21980]
  0x00000172bec88020 GCTaskThread "GC Thread#0" [stack: 0x000000213ce00000,0x000000213cf00000] [id=23812]
  0x00000172e271dc80 GCTaskThread "GC Thread#1" [stack: 0x000000213e400000,0x000000213e500000] [id=20148]
  0x00000172e26a36d0 GCTaskThread "GC Thread#2" [stack: 0x000000213e500000,0x000000213e600000] [id=24120]
  0x00000172e24ddc50 GCTaskThread "GC Thread#3" [stack: 0x000000213e600000,0x000000213e700000] [id=17856]
  0x00000172e24de720 GCTaskThread "GC Thread#4" [stack: 0x000000213e700000,0x000000213e800000] [id=3164]
  0x00000172e30ceee0 GCTaskThread "GC Thread#5" [stack: 0x000000213e900000,0x000000213ea00000] [id=27364]
  0x00000172e2f56450 GCTaskThread "GC Thread#6" [stack: 0x000000213ea00000,0x000000213eb00000] [id=25972]
  0x00000172e2f14470 GCTaskThread "GC Thread#7" [stack: 0x000000213eb00000,0x000000213ec00000] [id=20032]
  0x00000172e2b61230 GCTaskThread "GC Thread#8" [stack: 0x000000213ec00000,0x000000213ed00000] [id=17808]
  0x00000172e330a290 GCTaskThread "GC Thread#9" [stack: 0x000000213ef00000,0x000000213f000000] [id=26736]
  0x00000172e380f8a0 GCTaskThread "GC Thread#10" [stack: 0x000000213f000000,0x000000213f100000] [id=19112]
  0x00000172e38103a0 GCTaskThread "GC Thread#11" [stack: 0x000000213f600000,0x000000213f700000] [id=36124]
  0x00000172e3810be0 GCTaskThread "GC Thread#12" [stack: 0x000000213f500000,0x000000213f600000] [id=21060]
  0x00000172bec98640 ConcurrentGCThread "G1 Main Marker" [stack: 0x000000213cf00000,0x000000213d000000] [id=36652]
  0x00000172bec99060 ConcurrentGCThread "G1 Conc#0" [stack: 0x000000213d000000,0x000000213d100000] [id=16988]
  0x00000172e2b61d00 ConcurrentGCThread "G1 Conc#1" [stack: 0x000000213ed00000,0x000000213ee00000] [id=17272]
  0x00000172e30ac370 ConcurrentGCThread "G1 Conc#2" [stack: 0x000000213ee00000,0x000000213ef00000] [id=24792]
  0x00000172becce6a0 ConcurrentGCThread "G1 Refine#0" [stack: 0x000000213d100000,0x000000213d200000] [id=16152]
  0x00000172dda7aae0 ConcurrentGCThread "G1 Service" [stack: 0x000000213d200000,0x000000213d300000] [id=2832]

Threads with active compile tasks:
C2 CompilerThread0    21108 16709       4       org.jetbrains.kotlin.types.TypeSubstitutor::substitute (55 bytes)
C2 CompilerThread1    21108 16275       4       androidx.compose.compiler.plugins.kotlin.lower.ComposerTypeRemapper::underlyingRemapType (327 bytes)
C2 CompilerThread2    21108 16624       4       androidx.compose.compiler.plugins.kotlin.lower.ComposableTargetAnnotationsTransformer::isComposableLambda (175 bytes)
C2 CompilerThread3    21108 16640       4       androidx.compose.compiler.plugins.kotlin.lower.ComposableTargetAnnotationsTransformer::isOrHasComposableLambda$compiler_hosted (167 bytes)
C2 CompilerThread4    21108 16696       4       org.jetbrains.kotlin.ir.util.IrUtilsKt::hasAnnotation (118 bytes)
C2 CompilerThread5    21108 16273       4       androidx.compose.compiler.plugins.kotlin.lower.ComposerTypeRemapper::remapType (740 bytes)
C2 CompilerThread6    21108 16439       4       org.jetbrains.kotlin.types.TypeSubstitutor::substituteCompoundType (146 bytes)

VM state: at safepoint (normal execution)

VM Mutex/Monitor currently owned by a thread:  ([mutex/lock_event])
[0x00000172bec16b70] Threads_lock - owner thread: 0x00000172e2082b30
[0x00000172bec178f0] Heap_lock - owner thread: 0x00000172bec1c9e0

Heap address: 0x0000000709200000, size: 3950 MB, Compressed Oops mode: Zero based, Oop shift amount: 3

CDS archive(s) not mapped
Compressed class space mapped at: 0x0000000800000000-0x0000000840000000, reserved size: 1073741824
Narrow klass base: 0x0000000800000000, Narrow klass shift: 0, Narrow klass range: 0x40000000

GC Precious Log:
 CPUs: 16 total, 16 available
 Memory: 15792M
 Large Page Support: Disabled
 NUMA Support: Disabled
 Compressed Oops: Enabled (Zero based)
 Heap Region Size: 2M
 Heap Min Capacity: 8M
 Heap Initial Capacity: 248M
 Heap Max Capacity: 3950M
 Pre-touch: Disabled
 Parallel Workers: 13
 Concurrent Workers: 3
 Concurrent Refinement Workers: 13
 Periodic GC: Disabled

Heap:
 garbage-first heap   total 253952K, used 98304K [0x0000000709200000, 0x0000000800000000)
  region size 2048K, 3 young (6144K), 3 survivors (6144K)
 Metaspace       used 73489K, committed 73856K, reserved 1179648K
  class space    used 8006K, committed 8192K, reserved 1048576K

Heap Regions: E=young(eden), S=young(survivor), O=old, HS=humongous(starts), HC=humongous(continues), CS=collection set, F=free, OA=open archive, CA=closed archive, TAMS=top-at-mark-start (previous, next)
|   0|0x0000000709200000, 0x0000000709400000, 0x0000000709400000|100%|HS|  |TAMS 0x0000000709400000, 0x0000000709400000| Complete 
|   1|0x0000000709400000, 0x0000000709600000, 0x0000000709600000|100%|HC|  |TAMS 0x0000000709600000, 0x0000000709600000| Complete 
|   2|0x0000000709600000, 0x0000000709800000, 0x0000000709800000|100%| O|  |TAMS 0x0000000709600000, 0x0000000709800000| Untracked 
|   3|0x0000000709800000, 0x0000000709a00000, 0x0000000709a00000|100%| O|  |TAMS 0x0000000709a00000, 0x0000000709a00000| Untracked 
|   4|0x0000000709a00000, 0x0000000709c00000, 0x0000000709c00000|100%| O|  |TAMS 0x0000000709c00000, 0x0000000709c00000| Untracked 
|   5|0x0000000709c00000, 0x0000000709e00000, 0x0000000709e00000|100%| O|  |TAMS 0x0000000709e00000, 0x0000000709e00000| Untracked 
|   6|0x0000000709e00000, 0x000000070a000000, 0x000000070a000000|100%| O|  |TAMS 0x000000070a000000, 0x000000070a000000| Untracked 
|   7|0x000000070a000000, 0x000000070a200000, 0x000000070a200000|100%| O|  |TAMS 0x000000070a200000, 0x000000070a200000| Untracked 
|   8|0x000000070a200000, 0x000000070a400000, 0x000000070a400000|100%| O|  |TAMS 0x000000070a400000, 0x000000070a400000| Untracked 
|   9|0x000000070a400000, 0x000000070a600000, 0x000000070a600000|100%| O|  |TAMS 0x000000070a600000, 0x000000070a600000| Untracked 
|  10|0x000000070a600000, 0x000000070a800000, 0x000000070a800000|100%| O|  |TAMS 0x000000070a800000, 0x000000070a800000| Untracked 
|  11|0x000000070a800000, 0x000000070aa00000, 0x000000070aa00000|100%| O|  |TAMS 0x000000070aa00000, 0x000000070aa00000| Untracked 
|  12|0x000000070aa00000, 0x000000070ac00000, 0x000000070ac00000|100%|HS|  |TAMS 0x000000070ac00000, 0x000000070ac00000| Complete 
|  13|0x000000070ac00000, 0x000000070ae00000, 0x000000070ae00000|100%| O|  |TAMS 0x000000070ae00000, 0x000000070ae00000| Untracked 
|  14|0x000000070ae00000, 0x000000070b000000, 0x000000070b000000|100%| O|  |TAMS 0x000000070b000000, 0x000000070b000000| Untracked 
|  15|0x000000070b000000, 0x000000070b200000, 0x000000070b200000|100%| O|  |TAMS 0x000000070b200000, 0x000000070b200000| Untracked 
|  16|0x000000070b200000, 0x000000070b400000, 0x000000070b400000|100%| O|  |TAMS 0x000000070b400000, 0x000000070b400000| Untracked 
|  17|0x000000070b400000, 0x000000070b600000, 0x000000070b600000|100%| O|  |TAMS 0x000000070b400000, 0x000000070b400000| Untracked 
|  18|0x000000070b600000, 0x000000070b800000, 0x000000070b800000|100%| O|  |TAMS 0x000000070b800000, 0x000000070b800000| Untracked 
|  19|0x000000070b800000, 0x000000070ba00000, 0x000000070ba00000|100%| O|  |TAMS 0x000000070ba00000, 0x000000070ba00000| Untracked 
|  20|0x000000070ba00000, 0x000000070bc00000, 0x000000070bc00000|100%| O|  |TAMS 0x000000070bc00000, 0x000000070bc00000| Untracked 
|  21|0x000000070bc00000, 0x000000070be00000, 0x000000070be00000|100%| O|  |TAMS 0x000000070be00000, 0x000000070be00000| Untracked 
|  22|0x000000070be00000, 0x000000070c000000, 0x000000070c000000|100%| O|  |TAMS 0x000000070c000000, 0x000000070c000000| Untracked 
|  23|0x000000070c000000, 0x000000070c200000, 0x000000070c200000|100%| O|  |TAMS 0x000000070c200000, 0x000000070c200000| Untracked 
|  24|0x000000070c200000, 0x000000070c400000, 0x000000070c400000|100%| O|  |TAMS 0x000000070c400000, 0x000000070c400000| Untracked 
|  25|0x000000070c400000, 0x000000070c600000, 0x000000070c600000|100%| O|  |TAMS 0x000000070c600000, 0x000000070c600000| Untracked 
|  26|0x000000070c600000, 0x000000070c800000, 0x000000070c800000|100%| O|  |TAMS 0x000000070c800000, 0x000000070c800000| Untracked 
|  27|0x000000070c800000, 0x000000070ca00000, 0x000000070ca00000|100%|HS|  |TAMS 0x000000070ca00000, 0x000000070ca00000| Complete 
|  28|0x000000070ca00000, 0x000000070cc00000, 0x000000070cc00000|100%| O|  |TAMS 0x000000070cc00000, 0x000000070cc00000| Untracked 
|  29|0x000000070cc00000, 0x000000070ce00000, 0x000000070ce00000|100%| O|  |TAMS 0x000000070ce00000, 0x000000070ce00000| Untracked 
|  30|0x000000070ce00000, 0x000000070d000000, 0x000000070d000000|100%| O|  |TAMS 0x000000070d000000, 0x000000070d000000| Untracked 
|  31|0x000000070d000000, 0x000000070d200000, 0x000000070d200000|100%| O|  |TAMS 0x000000070d200000, 0x000000070d200000| Untracked 
|  32|0x000000070d200000, 0x000000070d400000, 0x000000070d400000|100%| O|  |TAMS 0x000000070d400000, 0x000000070d400000| Untracked 
|  33|0x000000070d400000, 0x000000070d600000, 0x000000070d600000|100%| O|  |TAMS 0x000000070d600000, 0x000000070d600000| Untracked 
|  34|0x000000070d600000, 0x000000070d800000, 0x000000070d800000|100%| O|  |TAMS 0x000000070d800000, 0x000000070d800000| Untracked 
|  35|0x000000070d800000, 0x000000070da00000, 0x000000070da00000|100%| O|  |TAMS 0x000000070da00000, 0x000000070da00000| Untracked 
|  36|0x000000070da00000, 0x000000070dc00000, 0x000000070dc00000|100%| O|  |TAMS 0x000000070db0d800, 0x000000070dc00000| Untracked 
|  37|0x000000070dc00000, 0x000000070de00000, 0x000000070de00000|100%| O|  |TAMS 0x000000070dc00000, 0x000000070de00000| Untracked 
|  38|0x000000070de00000, 0x000000070e000000, 0x000000070e000000|100%| O|  |TAMS 0x000000070de00000, 0x000000070e000000| Untracked 
|  39|0x000000070e000000, 0x000000070e200000, 0x000000070e200000|100%| O|  |TAMS 0x000000070e000000, 0x000000070e200000| Untracked 
|  40|0x000000070e200000, 0x000000070e400000, 0x000000070e400000|100%| O|  |TAMS 0x000000070e200000, 0x000000070e400000| Untracked 
|  41|0x000000070e400000, 0x000000070e600000, 0x000000070e600000|100%| O|  |TAMS 0x000000070e400000, 0x000000070e600000| Untracked 
|  42|0x000000070e600000, 0x000000070e800000, 0x000000070e800000|100%| O|  |TAMS 0x000000070e600000, 0x000000070e800000| Untracked 
|  43|0x000000070e800000, 0x000000070ea00000, 0x000000070ea00000|100%| O|  |TAMS 0x000000070e800000, 0x000000070ea00000| Untracked 
|  44|0x000000070ea00000, 0x000000070ec00000, 0x000000070ec00000|100%| O|  |TAMS 0x000000070ea00000, 0x000000070eb24a00| Untracked 
|  45|0x000000070ec00000, 0x000000070ec00000, 0x000000070ee00000|  0%| F|  |TAMS 0x000000070ec00000, 0x000000070ec00000| Untracked 
|  46|0x000000070ee00000, 0x000000070ee00000, 0x000000070f000000|  0%| F|  |TAMS 0x000000070ee00000, 0x000000070ee00000| Untracked 
|  47|0x000000070f000000, 0x000000070f000000, 0x000000070f200000|  0%| F|  |TAMS 0x000000070f000000, 0x000000070f000000| Untracked 
|  48|0x000000070f200000, 0x000000070f200000, 0x000000070f400000|  0%| F|  |TAMS 0x000000070f200000, 0x000000070f200000| Untracked 
|  49|0x000000070f400000, 0x000000070f400000, 0x000000070f600000|  0%| F|  |TAMS 0x000000070f400000, 0x000000070f400000| Untracked 
|  50|0x000000070f600000, 0x000000070f600000, 0x000000070f800000|  0%| F|  |TAMS 0x000000070f600000, 0x000000070f600000| Untracked 
|  51|0x000000070f800000, 0x000000070f800000, 0x000000070fa00000|  0%| F|  |TAMS 0x000000070f800000, 0x000000070f800000| Untracked 
|  52|0x000000070fa00000, 0x000000070fa00000, 0x000000070fc00000|  0%| F|  |TAMS 0x000000070fa00000, 0x000000070fa00000| Untracked 
|  53|0x000000070fc00000, 0x000000070fc00000, 0x000000070fe00000|  0%| F|  |TAMS 0x000000070fc00000, 0x000000070fc00000| Untracked 
|  54|0x000000070fe00000, 0x000000070fe00000, 0x0000000710000000|  0%| F|  |TAMS 0x000000070fe00000, 0x000000070fe00000| Untracked 
|  55|0x0000000710000000, 0x0000000710200000, 0x0000000710200000|100%| S|CS|TAMS 0x0000000710000000, 0x0000000710000000| Complete 
|  56|0x0000000710200000, 0x0000000710400000, 0x0000000710400000|100%| S|CS|TAMS 0x0000000710200000, 0x0000000710200000| Complete 
|  57|0x0000000710400000, 0x0000000710600000, 0x0000000710600000|100%| S|CS|TAMS 0x0000000710400000, 0x0000000710400000| Complete 
|  58|0x0000000710600000, 0x0000000710600000, 0x0000000710800000|  0%| F|  |TAMS 0x0000000710600000, 0x0000000710600000| Untracked 
|  59|0x0000000710800000, 0x0000000710800000, 0x0000000710a00000|  0%| F|  |TAMS 0x0000000710800000, 0x0000000710800000| Untracked 
|  60|0x0000000710a00000, 0x0000000710a00000, 0x0000000710c00000|  0%| F|  |TAMS 0x0000000710a00000, 0x0000000710a00000| Untracked 
|  61|0x0000000710c00000, 0x0000000710c00000, 0x0000000710e00000|  0%| F|  |TAMS 0x0000000710c00000, 0x0000000710c00000| Untracked 
|  62|0x0000000710e00000, 0x0000000710e00000, 0x0000000711000000|  0%| F|  |TAMS 0x0000000710e00000, 0x0000000710e00000| Untracked 
|  63|0x0000000711000000, 0x0000000711000000, 0x0000000711200000|  0%| F|  |TAMS 0x0000000711000000, 0x0000000711000000| Untracked 
|  64|0x0000000711200000, 0x0000000711200000, 0x0000000711400000|  0%| F|  |TAMS 0x0000000711200000, 0x0000000711200000| Untracked 
|  65|0x0000000711400000, 0x0000000711400000, 0x0000000711600000|  0%| F|  |TAMS 0x0000000711400000, 0x0000000711400000| Untracked 
|  66|0x0000000711600000, 0x0000000711600000, 0x0000000711800000|  0%| F|  |TAMS 0x0000000711600000, 0x0000000711600000| Untracked 
|  67|0x0000000711800000, 0x0000000711800000, 0x0000000711a00000|  0%| F|  |TAMS 0x0000000711800000, 0x0000000711800000| Untracked 
|  68|0x0000000711a00000, 0x0000000711a00000, 0x0000000711c00000|  0%| F|  |TAMS 0x0000000711a00000, 0x0000000711a00000| Untracked 
|  69|0x0000000711c00000, 0x0000000711c00000, 0x0000000711e00000|  0%| F|  |TAMS 0x0000000711c00000, 0x0000000711c00000| Untracked 
|  70|0x0000000711e00000, 0x0000000711e00000, 0x0000000712000000|  0%| F|  |TAMS 0x0000000711e00000, 0x0000000711e00000| Untracked 
|  71|0x0000000712000000, 0x0000000712000000, 0x0000000712200000|  0%| F|  |TAMS 0x0000000712000000, 0x0000000712000000| Untracked 
|  72|0x0000000712200000, 0x0000000712200000, 0x0000000712400000|  0%| F|  |TAMS 0x0000000712200000, 0x0000000712200000| Untracked 
|  73|0x0000000712400000, 0x0000000712400000, 0x0000000712600000|  0%| F|  |TAMS 0x0000000712400000, 0x0000000712400000| Untracked 
|  74|0x0000000712600000, 0x0000000712600000, 0x0000000712800000|  0%| F|  |TAMS 0x0000000712600000, 0x0000000712600000| Untracked 
|  75|0x0000000712800000, 0x0000000712800000, 0x0000000712a00000|  0%| F|  |TAMS 0x0000000712800000, 0x0000000712800000| Untracked 
|  76|0x0000000712a00000, 0x0000000712a00000, 0x0000000712c00000|  0%| F|  |TAMS 0x0000000712a00000, 0x0000000712a00000| Untracked 
|  77|0x0000000712c00000, 0x0000000712c00000, 0x0000000712e00000|  0%| F|  |TAMS 0x0000000712c00000, 0x0000000712c00000| Untracked 
|  78|0x0000000712e00000, 0x0000000712e00000, 0x0000000713000000|  0%| F|  |TAMS 0x0000000712e00000, 0x0000000712e00000| Untracked 
|  79|0x0000000713000000, 0x0000000713000000, 0x0000000713200000|  0%| F|  |TAMS 0x0000000713000000, 0x0000000713000000| Untracked 
|  80|0x0000000713200000, 0x0000000713200000, 0x0000000713400000|  0%| F|  |TAMS 0x0000000713200000, 0x0000000713200000| Untracked 
|  81|0x0000000713400000, 0x0000000713400000, 0x0000000713600000|  0%| F|  |TAMS 0x0000000713400000, 0x0000000713400000| Untracked 
|  82|0x0000000713600000, 0x0000000713600000, 0x0000000713800000|  0%| F|  |TAMS 0x0000000713600000, 0x0000000713600000| Untracked 
|  83|0x0000000713800000, 0x0000000713800000, 0x0000000713a00000|  0%| F|  |TAMS 0x0000000713800000, 0x0000000713800000| Untracked 
|  84|0x0000000713a00000, 0x0000000713a00000, 0x0000000713c00000|  0%| F|  |TAMS 0x0000000713a00000, 0x0000000713a00000| Untracked 
|  85|0x0000000713c00000, 0x0000000713c00000, 0x0000000713e00000|  0%| F|  |TAMS 0x0000000713c00000, 0x0000000713c00000| Untracked 
|  86|0x0000000713e00000, 0x0000000713e00000, 0x0000000714000000|  0%| F|  |TAMS 0x0000000713e00000, 0x0000000713e00000| Untracked 
|  87|0x0000000714000000, 0x0000000714000000, 0x0000000714200000|  0%| F|  |TAMS 0x0000000714000000, 0x0000000714000000| Untracked 
|  88|0x0000000714200000, 0x0000000714200000, 0x0000000714400000|  0%| F|  |TAMS 0x0000000714200000, 0x0000000714200000| Untracked 
|  89|0x0000000714400000, 0x0000000714400000, 0x0000000714600000|  0%| F|  |TAMS 0x0000000714400000, 0x0000000714400000| Untracked 
|  90|0x0000000714600000, 0x0000000714600000, 0x0000000714800000|  0%| F|  |TAMS 0x0000000714600000, 0x0000000714600000| Untracked 
|  91|0x0000000714800000, 0x0000000714800000, 0x0000000714a00000|  0%| F|  |TAMS 0x0000000714800000, 0x0000000714800000| Untracked 
|  92|0x0000000714a00000, 0x0000000714a00000, 0x0000000714c00000|  0%| F|  |TAMS 0x0000000714a00000, 0x0000000714a00000| Untracked 
|  93|0x0000000714c00000, 0x0000000714c00000, 0x0000000714e00000|  0%| F|  |TAMS 0x0000000714c00000, 0x0000000714c00000| Untracked 
|  94|0x0000000714e00000, 0x0000000714e00000, 0x0000000715000000|  0%| F|  |TAMS 0x0000000714e00000, 0x0000000714e00000| Untracked 
|  95|0x0000000715000000, 0x0000000715000000, 0x0000000715200000|  0%| F|  |TAMS 0x0000000715000000, 0x0000000715000000| Untracked 
|  96|0x0000000715200000, 0x0000000715200000, 0x0000000715400000|  0%| F|  |TAMS 0x0000000715200000, 0x0000000715200000| Untracked 
|  97|0x0000000715400000, 0x0000000715400000, 0x0000000715600000|  0%| F|  |TAMS 0x0000000715400000, 0x0000000715400000| Untracked 
|  98|0x0000000715600000, 0x0000000715600000, 0x0000000715800000|  0%| F|  |TAMS 0x0000000715600000, 0x0000000715600000| Untracked 
|  99|0x0000000715800000, 0x0000000715800000, 0x0000000715a00000|  0%| F|  |TAMS 0x0000000715800000, 0x0000000715800000| Untracked 
| 100|0x0000000715a00000, 0x0000000715a00000, 0x0000000715c00000|  0%| F|  |TAMS 0x0000000715a00000, 0x0000000715a00000| Untracked 
| 101|0x0000000715c00000, 0x0000000715c00000, 0x0000000715e00000|  0%| F|  |TAMS 0x0000000715c00000, 0x0000000715c00000| Untracked 
| 102|0x0000000715e00000, 0x0000000715e00000, 0x0000000716000000|  0%| F|  |TAMS 0x0000000715e00000, 0x0000000715e00000| Untracked 
| 103|0x0000000716000000, 0x0000000716000000, 0x0000000716200000|  0%| F|  |TAMS 0x0000000716000000, 0x0000000716000000| Untracked 
| 104|0x0000000716200000, 0x0000000716200000, 0x0000000716400000|  0%| F|  |TAMS 0x0000000716200000, 0x0000000716200000| Untracked 
| 105|0x0000000716400000, 0x0000000716400000, 0x0000000716600000|  0%| F|  |TAMS 0x0000000716400000, 0x0000000716400000| Untracked 
| 106|0x0000000716600000, 0x0000000716600000, 0x0000000716800000|  0%| F|  |TAMS 0x0000000716600000, 0x0000000716600000| Untracked 
| 107|0x0000000716800000, 0x0000000716800000, 0x0000000716a00000|  0%| F|  |TAMS 0x0000000716800000, 0x0000000716800000| Untracked 
| 108|0x0000000716a00000, 0x0000000716a00000, 0x0000000716c00000|  0%| F|  |TAMS 0x0000000716a00000, 0x0000000716a00000| Untracked 
| 109|0x0000000716c00000, 0x0000000716c00000, 0x0000000716e00000|  0%| F|  |TAMS 0x0000000716c00000, 0x0000000716c00000| Untracked 
| 110|0x0000000716e00000, 0x0000000716e00000, 0x0000000717000000|  0%| F|  |TAMS 0x0000000716e00000, 0x0000000716e00000| Untracked 
| 111|0x0000000717000000, 0x0000000717000000, 0x0000000717200000|  0%| F|  |TAMS 0x0000000717000000, 0x0000000717000000| Untracked 
| 112|0x0000000717200000, 0x0000000717200000, 0x0000000717400000|  0%| F|  |TAMS 0x0000000717200000, 0x0000000717200000| Untracked 
| 113|0x0000000717400000, 0x0000000717400000, 0x0000000717600000|  0%| F|  |TAMS 0x0000000717400000, 0x0000000717400000| Untracked 
| 114|0x0000000717600000, 0x0000000717600000, 0x0000000717800000|  0%| F|  |TAMS 0x0000000717600000, 0x0000000717600000| Untracked 
| 115|0x0000000717800000, 0x0000000717800000, 0x0000000717a00000|  0%| F|  |TAMS 0x0000000717800000, 0x0000000717800000| Untracked 
| 116|0x0000000717a00000, 0x0000000717a00000, 0x0000000717c00000|  0%| F|  |TAMS 0x0000000717a00000, 0x0000000717a00000| Untracked 
| 117|0x0000000717c00000, 0x0000000717c00000, 0x0000000717e00000|  0%| F|  |TAMS 0x0000000717c00000, 0x0000000717c00000| Untracked 
| 118|0x0000000717e00000, 0x0000000717e00000, 0x0000000718000000|  0%| F|  |TAMS 0x0000000717e00000, 0x0000000717e00000| Untracked 
| 119|0x0000000718000000, 0x0000000718000000, 0x0000000718200000|  0%| F|  |TAMS 0x0000000718000000, 0x0000000718000000| Untracked 
| 120|0x0000000718200000, 0x0000000718200000, 0x0000000718400000|  0%| F|  |TAMS 0x0000000718200000, 0x0000000718200000| Untracked 
| 121|0x0000000718400000, 0x0000000718400000, 0x0000000718600000|  0%| F|  |TAMS 0x0000000718400000, 0x0000000718400000| Untracked 
| 122|0x0000000718600000, 0x0000000718600000, 0x0000000718800000|  0%| F|  |TAMS 0x0000000718600000, 0x0000000718600000| Untracked 
| 123|0x0000000718800000, 0x0000000718800000, 0x0000000718a00000|  0%| F|  |TAMS 0x0000000718800000, 0x0000000718800000| Untracked 

Card table byte_map: [0x00000172d2130000,0x00000172d28f0000] _byte_map_base: 0x00000172ce8e7000

Marking Bits (Prev, Next): (CMBitMap*) 0x00000172bec88640, (CMBitMap*) 0x00000172bec88680
 Prev Bits: [0x00000172d30b0000, 0x00000172d6e68000)
 Next Bits: [0x00000172d6e70000, 0x00000172dac28000)

Polling page: 0x00000172be3d0000

Metaspace:

Usage:
  Non-class:     63.95 MB used.
      Class:      7.82 MB used.
       Both:     71.77 MB used.

Virtual space:
  Non-class space:      128.00 MB reserved,      64.12 MB ( 50%) committed,  2 nodes.
      Class space:        1.00 GB reserved,       8.00 MB ( <1%) committed,  1 nodes.
             Both:        1.12 GB reserved,      72.12 MB (  6%) committed. 

Chunk freelists:
   Non-Class:  15.64 MB
       Class:  8.05 MB
        Both:  23.69 MB

MaxMetaspaceSize: unlimited
CompressedClassSpaceSize: 1.00 GB
Initial GC threshold: 21.00 MB
Current GC threshold: 114.94 MB
CDS: off
MetaspaceReclaimPolicy: balanced
 - commit_granule_bytes: 65536.
 - commit_granule_words: 8192.
 - virtual_space_node_default_size: 8388608.
 - enlarge_chunks_in_place: 1.
 - new_chunks_are_fully_committed: 0.
 - uncommit_free_chunks: 1.
 - use_allocation_guard: 0.
 - handle_deallocations: 1.


Internal statistics:

num_allocs_failed_limit: 6.
num_arena_births: 358.
num_arena_deaths: 0.
num_vsnodes_births: 3.
num_vsnodes_deaths: 0.
num_space_committed: 1152.
num_space_uncommitted: 0.
num_chunks_returned_to_freelist: 6.
num_chunks_taken_from_freelist: 2776.
num_chunk_merges: 3.
num_chunk_splits: 2201.
num_chunks_enlarged: 1897.
num_inconsistent_stats: 0.

CodeHeap 'non-profiled nmethods': size=119168Kb used=10089Kb max_used=10089Kb free=109078Kb
 bounds [0x00000172c9c90000, 0x00000172ca670000, 0x00000172d10f0000]
CodeHeap 'profiled nmethods': size=119104Kb used=37061Kb max_used=37131Kb free=82042Kb
 bounds [0x00000172c20f0000, 0x00000172c4570000, 0x00000172c9540000]
CodeHeap 'non-nmethods': size=7488Kb used=3072Kb max_used=3156Kb free=4415Kb
 bounds [0x00000172c9540000, 0x00000172c9860000, 0x00000172c9c90000]
 total_blobs=13852 nmethods=13147 adapters=611
 compilation: enabled
              stopped_count=0, restarted_count=0
 full_count=0

Compilation events (20 events):
Event: 21.053 Thread 0x00000172e222b450 16714       3       org.jetbrains.kotlin.ir.util.IrUtilsKt$constructors$1::invoke (9 bytes)
Event: 21.053 Thread 0x00000172e2224f10 16715       3       org.jetbrains.kotlin.ir.util.IrUtilsKt$constructors$1::invoke (11 bytes)
Event: 21.054 Thread 0x00000172e20e2040 nmethod 16711 0x00000172c4118f10 code [0x00000172c4119120, 0x00000172c41196a8]
Event: 21.054 Thread 0x00000172e2224f10 nmethod 16715 0x00000172c4118410 code [0x00000172c4118620, 0x00000172c4118c88]
Event: 21.054 Thread 0x00000172e222b450 nmethod 16714 0x00000172c4117710 code [0x00000172c4117940, 0x00000172c4118128]
Event: 21.055 Thread 0x00000172e222b450 16716       3       androidx.compose.compiler.plugins.kotlin.lower.AbstractComposeLowering::irConst (32 bytes)
Event: 21.056 Thread 0x00000172e222b450 nmethod 16716 0x00000172c3986e10 code [0x00000172c3986fc0, 0x00000172c3987228]
Event: 21.057 Thread 0x00000172e222c790 nmethod 16713 0x00000172c32c3e10 code [0x00000172c32c4300, 0x00000172c32c69e8]
Event: 21.059 Thread 0x00000172e20e1730 nmethod 16684 0x00000172ca669590 code [0x00000172ca6697a0, 0x00000172ca669c68]
Event: 21.059 Thread 0x00000172e20e1730 16709       4       org.jetbrains.kotlin.types.TypeSubstitutor::substitute (55 bytes)
Event: 21.060 Thread 0x00000172e20e2040 16718       3       androidx.compose.compiler.plugins.kotlin.inference.Bindings::unifyValues (32 bytes)
Event: 21.061 Thread 0x00000172e20e2040 nmethod 16718 0x00000172c4116e90 code [0x00000172c4117060, 0x00000172c4117548]
Event: 21.062 Thread 0x00000172e222c790 16720       3       androidx.compose.compiler.plugins.kotlin.lower.InferenceFunctionExpressionNode::getKind (4 bytes)
Event: 21.062 Thread 0x00000172e20e2040 16721       3       androidx.compose.compiler.plugins.kotlin.lower.InferenceFunctionExpressionNode::getElement (8 bytes)
Event: 21.062 Thread 0x00000172e2224f10 16722       1       org.jetbrains.kotlin.ir.declarations.impl.IrConstructorImpl::getAnnotations (5 bytes)
Event: 21.062 Thread 0x00000172e20e2040 nmethod 16721 0x00000172c2c05990 code [0x00000172c2c05b20, 0x00000172c2c05c38]
Event: 21.062 Thread 0x00000172e222c790 nmethod 16720 0x00000172c2c05610 code [0x00000172c2c057a0, 0x00000172c2c058b8]
Event: 21.063 Thread 0x00000172e2224f10 nmethod 16722 0x00000172ca66a210 code [0x00000172ca66a3a0, 0x00000172ca66a478]
Event: 21.065 Thread 0x00000172e2224f10 16723       3       androidx.compose.compiler.plugins.kotlin.lower.ComposableTargetAnnotationsTransformerKt::access$hasOverlyWideParameters (5 bytes)
Event: 21.065 Thread 0x00000172e2224f10 nmethod 16723 0x00000172c2c05290 code [0x00000172c2c05420, 0x00000172c2c05528]

GC Heap History (20 events):
Event: 13.090 GC heap after
{Heap after GC invocations=27 (full 0):
 garbage-first heap   total 112640K, used 67343K [0x0000000709200000, 0x0000000800000000)
  region size 2048K, 1 young (2048K), 1 survivors (2048K)
 Metaspace       used 61261K, committed 61568K, reserved 1114112K
  class space    used 6847K, committed 6976K, reserved 1048576K
}
Event: 13.727 GC heap before
{Heap before GC invocations=28 (full 0):
 garbage-first heap   total 120832K, used 89871K [0x0000000709200000, 0x0000000800000000)
  region size 2048K, 12 young (24576K), 1 survivors (2048K)
 Metaspace       used 61581K, committed 61824K, reserved 1114112K
  class space    used 6884K, committed 6976K, reserved 1048576K
}
Event: 13.735 GC heap after
{Heap after GC invocations=29 (full 0):
 garbage-first heap   total 120832K, used 70306K [0x0000000709200000, 0x0000000800000000)
  region size 2048K, 2 young (4096K), 2 survivors (4096K)
 Metaspace       used 61581K, committed 61824K, reserved 1114112K
  class space    used 6884K, committed 6976K, reserved 1048576K
}
Event: 14.405 GC heap before
{Heap before GC invocations=29 (full 0):
 garbage-first heap   total 120832K, used 96930K [0x0000000709200000, 0x0000000800000000)
  region size 2048K, 15 young (30720K), 2 survivors (4096K)
 Metaspace       used 61790K, committed 62080K, reserved 1114112K
  class space    used 6898K, committed 7040K, reserved 1048576K
}
Event: 14.414 GC heap after
{Heap after GC invocations=30 (full 0):
 garbage-first heap   total 120832K, used 71176K [0x0000000709200000, 0x0000000800000000)
  region size 2048K, 1 young (2048K), 1 survivors (2048K)
 Metaspace       used 61790K, committed 62080K, reserved 1114112K
  class space    used 6898K, committed 7040K, reserved 1048576K
}
Event: 15.051 GC heap before
{Heap before GC invocations=31 (full 0):
 garbage-first heap   total 126976K, used 95752K [0x0000000709200000, 0x0000000800000000)
  region size 2048K, 13 young (26624K), 1 survivors (2048K)
 Metaspace       used 61920K, committed 62208K, reserved 1114112K
  class space    used 6905K, committed 7040K, reserved 1048576K
}
Event: 15.060 GC heap after
{Heap after GC invocations=32 (full 0):
 garbage-first heap   total 126976K, used 72984K [0x0000000709200000, 0x0000000800000000)
  region size 2048K, 2 young (4096K), 2 survivors (4096K)
 Metaspace       used 61920K, committed 62208K, reserved 1114112K
  class space    used 6905K, committed 7040K, reserved 1048576K
}
Event: 15.102 GC heap before
{Heap before GC invocations=32 (full 0):
 garbage-first heap   total 126976K, used 75032K [0x0000000709200000, 0x0000000800000000)
  region size 2048K, 3 young (6144K), 2 survivors (4096K)
 Metaspace       used 61921K, committed 62208K, reserved 1114112K
  class space    used 6905K, committed 7040K, reserved 1048576K
}
Event: 15.111 GC heap after
{Heap after GC invocations=33 (full 0):
 garbage-first heap   total 153600K, used 73363K [0x0000000709200000, 0x0000000800000000)
  region size 2048K, 1 young (2048K), 1 survivors (2048K)
 Metaspace       used 61921K, committed 62208K, reserved 1114112K
  class space    used 6905K, committed 7040K, reserved 1048576K
}
Event: 16.294 GC heap before
{Heap before GC invocations=33 (full 0):
 garbage-first heap   total 153600K, used 120467K [0x0000000709200000, 0x0000000800000000)
  region size 2048K, 24 young (49152K), 1 survivors (2048K)
 Metaspace       used 62965K, committed 63168K, reserved 1114112K
  class space    used 7004K, committed 7104K, reserved 1048576K
}
Event: 16.300 GC heap after
{Heap after GC invocations=34 (full 0):
 garbage-first heap   total 153600K, used 75823K [0x0000000709200000, 0x0000000800000000)
  region size 2048K, 2 young (4096K), 2 survivors (4096K)
 Metaspace       used 62965K, committed 63168K, reserved 1114112K
  class space    used 7004K, committed 7104K, reserved 1048576K
}
Event: 17.196 GC heap before
{Heap before GC invocations=35 (full 0):
 garbage-first heap   total 153600K, used 120879K [0x0000000709200000, 0x0000000800000000)
  region size 2048K, 24 young (49152K), 2 survivors (4096K)
 Metaspace       used 63985K, committed 64256K, reserved 1114112K
  class space    used 7086K, committed 7168K, reserved 1048576K
}
Event: 17.205 GC heap after
{Heap after GC invocations=36 (full 0):
 garbage-first heap   total 153600K, used 78132K [0x0000000709200000, 0x0000000800000000)
  region size 2048K, 3 young (6144K), 3 survivors (6144K)
 Metaspace       used 63985K, committed 64256K, reserved 1114112K
  class space    used 7086K, committed 7168K, reserved 1048576K
}
Event: 18.641 GC heap before
{Heap before GC invocations=36 (full 0):
 garbage-first heap   total 153600K, used 123188K [0x0000000709200000, 0x0000000800000000)
  region size 2048K, 25 young (51200K), 3 survivors (6144K)
 Metaspace       used 70180K, committed 70528K, reserved 1114112K
  class space    used 7676K, committed 7872K, reserved 1048576K
}
Event: 18.657 GC heap after
{Heap after GC invocations=37 (full 0):
 garbage-first heap   total 153600K, used 81840K [0x0000000709200000, 0x0000000800000000)
  region size 2048K, 3 young (6144K), 3 survivors (6144K)
 Metaspace       used 70180K, committed 70528K, reserved 1114112K
  class space    used 7676K, committed 7872K, reserved 1048576K
}
Event: 20.218 GC heap before
{Heap before GC invocations=38 (full 0):
 garbage-first heap   total 153600K, used 124848K [0x0000000709200000, 0x0000000800000000)
  region size 2048K, 24 young (49152K), 3 survivors (6144K)
 Metaspace       used 72837K, committed 73152K, reserved 1114112K
  class space    used 7960K, committed 8128K, reserved 1048576K
}
Event: 20.240 GC heap after
{Heap after GC invocations=39 (full 0):
 garbage-first heap   total 153600K, used 89118K [0x0000000709200000, 0x0000000800000000)
  region size 2048K, 3 young (6144K), 3 survivors (6144K)
 Metaspace       used 72837K, committed 73152K, reserved 1114112K
  class space    used 7960K, committed 8128K, reserved 1048576K
}
Event: 20.275 GC heap before
{Heap before GC invocations=39 (full 0):
 garbage-first heap   total 153600K, used 91166K [0x0000000709200000, 0x0000000800000000)
  region size 2048K, 4 young (8192K), 3 survivors (6144K)
 Metaspace       used 72870K, committed 73216K, reserved 1114112K
  class space    used 7960K, committed 8128K, reserved 1048576K
}
Event: 20.295 GC heap after
{Heap after GC invocations=40 (full 0):
 garbage-first heap   total 153600K, used 90835K [0x0000000709200000, 0x0000000800000000)
  region size 2048K, 1 young (2048K), 1 survivors (2048K)
 Metaspace       used 72870K, committed 73216K, reserved 1114112K
  class space    used 7960K, committed 8128K, reserved 1048576K
}
Event: 21.067 GC heap before
{Heap before GC invocations=40 (full 0):
 garbage-first heap   total 153600K, used 123603K [0x0000000709200000, 0x0000000800000000)
  region size 2048K, 17 young (34816K), 1 survivors (2048K)
 Metaspace       used 73489K, committed 73856K, reserved 1179648K
  class space    used 8006K, committed 8192K, reserved 1048576K
}

Dll operation events (2 events):
Event: 0.006 Loaded shared library C:\Program Files\Android\Android Studio1\jbr\bin\java.dll
Event: 1.210 Loaded shared library C:\Program Files\Android\Android Studio1\jbr\bin\verify.dll

Deoptimization events (20 events):
Event: 21.010 Thread 0x00000172bec1c9e0 Uncommon trap: trap_request=0xffffff66 fr.pc=0x00000172ca6575c8 relative=0x0000000000000be8
Event: 21.010 Thread 0x00000172bec1c9e0 Uncommon trap: reason=speculate_class_check action=maybe_recompile pc=0x00000172ca6575c8 method=org.jetbrains.kotlin.ir.util.IrUtilsKt.getParentAsClass(Lorg/jetbrains/kotlin/ir/declarations/IrDeclaration;)Lorg/jetbrains/kotlin/ir/declarations/IrClass; @ 8
Event: 21.010 Thread 0x00000172bec1c9e0 DEOPT PACKING pc=0x00000172ca6575c8 sp=0x000000213cdfb580
Event: 21.010 Thread 0x00000172bec1c9e0 DEOPT UNPACKING pc=0x00000172c95969a3 sp=0x000000213cdfb4d8 mode 2
Event: 21.023 Thread 0x00000172bec1c9e0 Uncommon trap: trap_request=0xffffffc6 fr.pc=0x00000172ca28b93c relative=0x000000000000073c
Event: 21.023 Thread 0x00000172bec1c9e0 Uncommon trap: reason=bimorphic_or_optimized_type_check action=maybe_recompile pc=0x00000172ca28b93c method=org.jetbrains.kotlin.descriptors.impl.FunctionDescriptorImpl.isInfix()Z @ 44 c2
Event: 21.023 Thread 0x00000172bec1c9e0 DEOPT PACKING pc=0x00000172ca28b93c sp=0x000000213cdfc7e0
Event: 21.023 Thread 0x00000172bec1c9e0 DEOPT UNPACKING pc=0x00000172c95969a3 sp=0x000000213cdfc778 mode 2
Event: 21.024 Thread 0x00000172bec1c9e0 Uncommon trap: trap_request=0xffffff66 fr.pc=0x00000172ca6575c8 relative=0x0000000000000be8
Event: 21.024 Thread 0x00000172bec1c9e0 Uncommon trap: reason=speculate_class_check action=maybe_recompile pc=0x00000172ca6575c8 method=org.jetbrains.kotlin.ir.util.IrUtilsKt.getParentAsClass(Lorg/jetbrains/kotlin/ir/declarations/IrDeclaration;)Lorg/jetbrains/kotlin/ir/declarations/IrClass; @ 8
Event: 21.024 Thread 0x00000172bec1c9e0 DEOPT PACKING pc=0x00000172ca6575c8 sp=0x000000213cdf9800
Event: 21.024 Thread 0x00000172bec1c9e0 DEOPT UNPACKING pc=0x00000172c95969a3 sp=0x000000213cdf9758 mode 2
Event: 21.052 Thread 0x00000172bec1c9e0 Uncommon trap: trap_request=0xffffffc6 fr.pc=0x00000172ca28b93c relative=0x000000000000073c
Event: 21.052 Thread 0x00000172bec1c9e0 Uncommon trap: reason=bimorphic_or_optimized_type_check action=maybe_recompile pc=0x00000172ca28b93c method=org.jetbrains.kotlin.descriptors.impl.FunctionDescriptorImpl.isInfix()Z @ 44 c2
Event: 21.052 Thread 0x00000172bec1c9e0 DEOPT PACKING pc=0x00000172ca28b93c sp=0x000000213cdfc7e0
Event: 21.052 Thread 0x00000172bec1c9e0 DEOPT UNPACKING pc=0x00000172c95969a3 sp=0x000000213cdfc778 mode 2
Event: 21.052 Thread 0x00000172bec1c9e0 Uncommon trap: trap_request=0xffffffc6 fr.pc=0x00000172ca28b93c relative=0x000000000000073c
Event: 21.052 Thread 0x00000172bec1c9e0 Uncommon trap: reason=bimorphic_or_optimized_type_check action=maybe_recompile pc=0x00000172ca28b93c method=org.jetbrains.kotlin.descriptors.impl.FunctionDescriptorImpl.isInfix()Z @ 44 c2
Event: 21.052 Thread 0x00000172bec1c9e0 DEOPT PACKING pc=0x00000172ca28b93c sp=0x000000213cdfc760
Event: 21.052 Thread 0x00000172bec1c9e0 DEOPT UNPACKING pc=0x00000172c95969a3 sp=0x000000213cdfc700 mode 2

Classes unloaded (0 events):
No events

Classes redefined (0 events):
No events

Internal exceptions (20 events):
Event: 5.809 Thread 0x00000172bec1c9e0 Exception <a 'java/lang/NoSuchMethodError'{0x000000070dc03760}: 'java.lang.Object java.lang.invoke.DirectMethodHandle$Holder.newInvokeSpecial(java.lang.Object, int, java.lang.Object)'> (0x000000070dc03760) 
thrown [s\src\hotspot\share\interpreter\linkResolver.cpp, line 771]
Event: 5.811 Thread 0x00000172bec1c9e0 Exception <a 'java/lang/NoSuchMethodError'{0x000000070dc09b08}: 'int java.lang.invoke.DirectMethodHandle$Holder.invokeInterface(java.lang.Object, java.lang.Object)'> (0x000000070dc09b08) 
thrown [s\src\hotspot\share\interpreter\linkResolver.cpp, line 771]
Event: 6.190 Thread 0x00000172bec1c9e0 Implicit null exception at 0x00000172c9e2cefb to 0x00000172c9e2dddc
Event: 6.297 Thread 0x00000172bec1c9e0 Exception <a 'java/lang/NoSuchMethodError'{0x00000007189c8860}: 'int java.lang.invoke.DirectMethodHandle$Holder.invokeStaticInit(java.lang.Object, int)'> (0x00000007189c8860) 
thrown [s\src\hotspot\share\interpreter\linkResolver.cpp, line 771]
Event: 7.507 Thread 0x00000172bec1c9e0 Implicit null exception at 0x00000172ca058810 to 0x00000172ca0588d3
Event: 7.586 Thread 0x00000172bec1c9e0 Exception <a 'java/lang/NoSuchMethodError'{0x000000070e23c0b0}: 'java.lang.Object java.lang.invoke.DirectMethodHandle$Holder.invokeStatic(java.lang.Object, int, java.lang.Object)'> (0x000000070e23c0b0) 
thrown [s\src\hotspot\share\interpreter\linkResolver.cpp, line 771]
Event: 8.836 Thread 0x00000172bec1c9e0 Exception <a 'java/lang/NoSuchMethodError'{0x000000070fb8c2d8}: 'java.lang.Object java.lang.invoke.DirectMethodHandle$Holder.invokeInterface(java.lang.Object, java.lang.Object, java.lang.Object)'> (0x000000070fb8c2d8) 
thrown [s\src\hotspot\share\interpreter\linkResolver.cpp, line 771]
Event: 8.837 Thread 0x00000172bec1c9e0 Exception <a 'java/lang/IncompatibleClassChangeError'{0x000000070fb90990}: Found class java.lang.Object, but interface was expected> (0x000000070fb90990) 
thrown [s\src\hotspot\share\interpreter\linkResolver.cpp, line 838]
Event: 10.884 Thread 0x00000172bec1c9e0 Implicit null exception at 0x00000172ca014a4f to 0x00000172ca014bcc
Event: 11.645 Thread 0x00000172bec1c9e0 Exception <a 'java/lang/NoSuchMethodError'{0x000000070ea92548}: 'java.lang.Object java.lang.invoke.DirectMethodHandle$Holder.newInvokeSpecial(java.lang.Object, java.lang.Object, java.lang.Object, java.lang.Object, java.lang.Object, java.lang.Object, java.lang.Object)'> (0x000000070ea92548) 
thrown [s\src\hotspot\share\interpreter\linkResolver.cpp, line 771]
Event: 11.646 Thread 0x00000172bec1c9e0 Exception <a 'java/lang/NoSuchMethodError'{0x000000070ea98398}: 'java.lang.Object java.lang.invoke.Invokers$Holder.linkToTargetMethod(java.lang.Object, java.lang.Object, java.lang.Object, java.lang.Object, java.lang.Object, java.lang.Object, java.lang.Object)'> (0x000000070ea98398) 
thrown [s\src\hotspot\share\interpreter\linkResolver.cpp, line 771]
Event: 13.743 Thread 0x00000172bec1c9e0 Implicit null exception at 0x00000172ca164726 to 0x00000172ca164b50
Event: 13.865 Thread 0x00000172bec1c9e0 Exception <a 'java/lang/NoSuchMethodError'{0x000000071037d0d8}: 'java.lang.Object java.lang.invoke.DirectMethodHandle$Holder.newInvokeSpecial(java.lang.Object, int, java.lang.Object, java.lang.Object)'> (0x000000071037d0d8) 
thrown [s\src\hotspot\share\interpreter\linkResolver.cpp, line 771]
Event: 16.484 Thread 0x00000172bec1c9e0 Implicit null exception at 0x00000172ca18c9b3 to 0x00000172ca18cb14
Event: 17.078 Thread 0x00000172bec1c9e0 Implicit null exception at 0x00000172ca06dade to 0x00000172ca06ddfc
Event: 17.082 Thread 0x00000172bec1c9e0 Implicit null exception at 0x00000172c9e37657 to 0x00000172c9e37934
Event: 17.462 Thread 0x00000172bec1c9e0 Exception <a 'java/lang/NoSuchMethodError'{0x0000000711eeb9c0}: 'java.lang.Object java.lang.invoke.DirectMethodHandle$Holder.invokeStaticInit(java.lang.Object, java.lang.Object, java.lang.Object, java.lang.Object)'> (0x0000000711eeb9c0) 
thrown [s\src\hotspot\share\interpreter\linkResolver.cpp, line 771]
Event: 17.889 Thread 0x00000172bec1c9e0 Implicit null exception at 0x00000172c9cf8b70 to 0x00000172c9cf8da8
Event: 18.024 Thread 0x00000172bec1c9e0 Exception <a 'java/lang/NoSuchMethodError'{0x0000000710736ad8}: 'java.lang.Object java.lang.invoke.DirectMethodHandle$Holder.invokeSpecial(java.lang.Object, java.lang.Object, int, int, java.lang.Object, java.lang.Object, java.lang.Object, java.lang.Object, java.lang.Object)'> (0x0000000710736ad8) 
thrown [s\src\hotspot\share\interpreter\linkResolver.cpp, line 771]
Event: 19.881 Thread 0x00000172bec1c9e0 Implicit null exception at 0x00000172ca5a51bc to 0x00000172ca5a57b8

VM Operations (20 events):
Event: 20.378 Executing VM operation: HandshakeAllThreads done
Event: 20.403 Executing VM operation: HandshakeAllThreads
Event: 20.404 Executing VM operation: HandshakeAllThreads done
Event: 20.411 Executing VM operation: ICBufferFull
Event: 20.411 Executing VM operation: ICBufferFull done
Event: 20.469 Executing VM operation: HandshakeAllThreads
Event: 20.469 Executing VM operation: HandshakeAllThreads done
Event: 20.604 Executing VM operation: HandshakeAllThreads
Event: 20.604 Executing VM operation: HandshakeAllThreads done
Event: 20.607 Executing VM operation: HandshakeAllThreads
Event: 20.608 Executing VM operation: HandshakeAllThreads done
Event: 20.611 Executing VM operation: HandshakeAllThreads
Event: 20.611 Executing VM operation: HandshakeAllThreads done
Event: 20.632 Executing VM operation: ICBufferFull
Event: 20.649 Executing VM operation: ICBufferFull done
Event: 20.730 Executing VM operation: ICBufferFull
Event: 20.731 Executing VM operation: ICBufferFull done
Event: 20.927 Executing VM operation: ICBufferFull
Event: 20.927 Executing VM operation: ICBufferFull done
Event: 21.067 Executing VM operation: G1CollectForAllocation

Events (20 events):
Event: 20.569 Thread 0x00000172e20e3160 flushing nmethod 0x00000172c421d190
Event: 20.569 Thread 0x00000172e20e3160 flushing nmethod 0x00000172c422c710
Event: 20.569 Thread 0x00000172e20e3160 flushing nmethod 0x00000172c422d990
Event: 20.569 Thread 0x00000172e20e3160 flushing nmethod 0x00000172c4231f10
Event: 20.570 Thread 0x00000172e20e3160 flushing nmethod 0x00000172c4267790
Event: 20.570 Thread 0x00000172e20e3160 flushing nmethod 0x00000172c4271090
Event: 20.570 Thread 0x00000172e20e3160 flushing nmethod 0x00000172c4273190
Event: 20.570 Thread 0x00000172e20e3160 flushing nmethod 0x00000172c4276110
Event: 20.570 Thread 0x00000172e20e3160 flushing nmethod 0x00000172c4282610
Event: 20.570 Thread 0x00000172e20e3160 flushing nmethod 0x00000172c42a3d10
Event: 20.878 loading class java/lang/invoke/BoundMethodHandle$Species_LLLLLLLL
Event: 20.878 loading class java/lang/invoke/BoundMethodHandle$Species_LLLLLLLL done
Event: 20.880 loading class java/lang/invoke/BoundMethodHandle$Species_LLLLLLLLL
Event: 20.880 loading class java/lang/invoke/BoundMethodHandle$Species_LLLLLLLLL done
Event: 20.881 loading class java/lang/invoke/LambdaFormEditor$1
Event: 20.882 loading class java/lang/invoke/LambdaFormEditor$1 done
Event: 20.882 loading class java/util/TreeMap$EntrySet
Event: 20.882 loading class java/util/TreeMap$EntrySet done
Event: 20.882 loading class java/util/TreeMap$EntryIterator
Event: 20.882 loading class java/util/TreeMap$EntryIterator done


Dynamic libraries:
0x00007ff7c1640000 - 0x00007ff7c164a000 	C:\Program Files\Android\Android Studio1\jbr\bin\java.exe
0x00007ffde02b0000 - 0x00007ffde04c6000 	C:\WINDOWS\SYSTEM32\ntdll.dll
0x00007ffddeca0000 - 0x00007ffdded64000 	C:\WINDOWS\System32\KERNEL32.DLL
0x00007ffddd780000 - 0x00007ffdddb26000 	C:\WINDOWS\System32\KERNELBASE.dll
0x00007ffddd660000 - 0x00007ffddd771000 	C:\WINDOWS\System32\ucrtbase.dll
0x00007ffdc8470000 - 0x00007ffdc848b000 	C:\Program Files\Android\Android Studio1\jbr\bin\VCRUNTIME140.dll
0x00007ffdcd240000 - 0x00007ffdcd257000 	C:\Program Files\Android\Android Studio1\jbr\bin\jli.dll
0x00007ffddf860000 - 0x00007ffddfa0d000 	C:\WINDOWS\System32\USER32.dll
0x00007ffdddfa0000 - 0x00007ffdddfc6000 	C:\WINDOWS\System32\win32u.dll
0x00007ffdd3c10000 - 0x00007ffdd3ea3000 	C:\WINDOWS\WinSxS\amd64_microsoft.windows.common-controls_6595b64144ccf1df_6.0.22621.3235_none_270f74e173860f98\COMCTL32.dll
0x00007ffddfa10000 - 0x00007ffddfa39000 	C:\WINDOWS\System32\GDI32.dll
0x00007ffddf7b0000 - 0x00007ffddf857000 	C:\WINDOWS\System32\msvcrt.dll
0x00007ffdddde0000 - 0x00007ffdddef8000 	C:\WINDOWS\System32\gdi32full.dll
0x00007ffdddf00000 - 0x00007ffdddf9a000 	C:\WINDOWS\System32\msvcp_win.dll
0x00007ffde0230000 - 0x00007ffde0261000 	C:\WINDOWS\System32\IMM32.DLL
0x00007ffdcbd20000 - 0x00007ffdcbd2c000 	C:\Program Files\Android\Android Studio1\jbr\bin\vcruntime140_1.dll
0x00007ffdb1220000 - 0x00007ffdb12ad000 	C:\Program Files\Android\Android Studio1\jbr\bin\msvcp140.dll
0x00007ffd87e40000 - 0x00007ffd88ac3000 	C:\Program Files\Android\Android Studio1\jbr\bin\server\jvm.dll
0x00007ffddfa50000 - 0x00007ffddfb02000 	C:\WINDOWS\System32\ADVAPI32.dll
0x00007ffddfc40000 - 0x00007ffddfce8000 	C:\WINDOWS\System32\sechost.dll
0x00007ffdddfd0000 - 0x00007ffdddff8000 	C:\WINDOWS\System32\bcrypt.dll
0x00007ffddf080000 - 0x00007ffddf195000 	C:\WINDOWS\System32\RPCRT4.dll
0x00007ffdc7cf0000 - 0x00007ffdc7cf9000 	C:\WINDOWS\SYSTEM32\WSOCK32.dll
0x00007ffdd39f0000 - 0x00007ffdd3a24000 	C:\WINDOWS\SYSTEM32\WINMM.dll
0x00007ffddfb10000 - 0x00007ffddfb81000 	C:\WINDOWS\System32\WS2_32.dll
0x00007ffdd3ab0000 - 0x00007ffdd3aba000 	C:\WINDOWS\SYSTEM32\VERSION.dll
0x00007ffddc450000 - 0x00007ffddc49d000 	C:\WINDOWS\SYSTEM32\POWRPROF.dll
0x00007ffddc420000 - 0x00007ffddc433000 	C:\WINDOWS\SYSTEM32\UMPDC.dll
0x00007ffddc6f0000 - 0x00007ffddc708000 	C:\WINDOWS\SYSTEM32\kernel.appcore.dll
0x00007ffdd8b80000 - 0x00007ffdd8b8a000 	C:\Program Files\Android\Android Studio1\jbr\bin\jimage.dll
0x00007ffddaf90000 - 0x00007ffddb1c3000 	C:\WINDOWS\SYSTEM32\DBGHELP.DLL
0x00007ffddfcf0000 - 0x00007ffde0078000 	C:\WINDOWS\System32\combase.dll
0x00007ffddefa0000 - 0x00007ffddf077000 	C:\WINDOWS\System32\OLEAUT32.dll
0x00007ffdd2630000 - 0x00007ffdd2662000 	C:\WINDOWS\SYSTEM32\dbgcore.DLL
0x00007ffdddca0000 - 0x00007ffdddd1a000 	C:\WINDOWS\System32\bcryptPrimitives.dll
0x00007ffdcda10000 - 0x00007ffdcda35000 	C:\Program Files\Android\Android Studio1\jbr\bin\java.dll
0x00007ffdcda70000 - 0x00007ffdcda88000 	C:\Program Files\Android\Android Studio1\jbr\bin\zip.dll
0x00007ffdde080000 - 0x00007ffdde8dd000 	C:\WINDOWS\System32\SHELL32.dll
0x00007ffddb510000 - 0x00007ffddbe08000 	C:\WINDOWS\SYSTEM32\windows.storage.dll
0x00007ffddb3d0000 - 0x00007ffddb50e000 	C:\WINDOWS\SYSTEM32\wintypes.dll
0x00007ffddeb40000 - 0x00007ffddec33000 	C:\WINDOWS\System32\SHCORE.dll
0x00007ffddeab0000 - 0x00007ffddeb0e000 	C:\WINDOWS\System32\shlwapi.dll
0x00007ffddd520000 - 0x00007ffddd546000 	C:\WINDOWS\SYSTEM32\profapi.dll
0x00007ffdcd9f0000 - 0x00007ffdcda09000 	C:\Program Files\Android\Android Studio1\jbr\bin\net.dll
0x00007ffdd70e0000 - 0x00007ffdd7217000 	C:\WINDOWS\SYSTEM32\WINHTTP.dll
0x00007ffddcb80000 - 0x00007ffddcbe9000 	C:\WINDOWS\system32\mswsock.dll
0x00007ffdcd2f0000 - 0x00007ffdcd306000 	C:\Program Files\Android\Android Studio1\jbr\bin\nio.dll
0x00007ffdcd9e0000 - 0x00007ffdcd9f0000 	C:\Program Files\Android\Android Studio1\jbr\bin\verify.dll

dbghelp: loaded successfully - version: 4.0.5 - missing functions: none
symbol engine: initialized successfully - sym options: 0x614 - pdb path: .;C:\Program Files\Android\Android Studio1\jbr\bin;C:\WINDOWS\SYSTEM32;C:\WINDOWS\WinSxS\amd64_microsoft.windows.common-controls_6595b64144ccf1df_6.0.22621.3235_none_270f74e173860f98;C:\Program Files\Android\Android Studio1\jbr\bin\server

VM Arguments:
java_command: org.jetbrains.kotlin.cli.jvm.K2JVMCompiler @D:\University\NetflixFinal\app\build\20240331_5229122250456000477.compiler.options
java_class_path (initial): C:\Users\detma\.gradle\caches\modules-2\files-2.1\org.jetbrains.kotlin\kotlin-compiler-embeddable\1.9.0\2c8c3a7402becca891f12739b3e9fd2dc2adbd7a\kotlin-compiler-embeddable-1.9.0.jar;C:\Users\detma\.gradle\caches\modules-2\files-2.1\org.jetbrains.kotlin\kotlin-stdlib\1.9.0\8ee15ef0c67dc83d874f412d84378d7f0eb50b63\kotlin-stdlib-1.9.0.jar;C:\Users\detma\.gradle\caches\modules-2\files-2.1\org.jetbrains.kotlin\kotlin-script-runtime\1.9.0\4b3102cbbb7e1b58d9d1adf89563f00069ffa7d1\kotlin-script-runtime-1.9.0.jar;C:\Users\detma\.gradle\caches\modules-2\files-2.1\org.jetbrains.kotlin\kotlin-reflect\1.6.10\1cbe9c92c12a94eea200d23c2bbaedaf3daf5132\kotlin-reflect-1.6.10.jar;C:\Users\detma\.gradle\caches\modules-2\files-2.1\org.jetbrains.kotlin\kotlin-daemon-embeddable\1.9.0\186543f5e28cf8d9a0290fecc2cf34301c40a65c\kotlin-daemon-embeddable-1.9.0.jar;C:\Users\detma\.gradle\caches\modules-2\files-2.1\org.jetbrains.intellij.deps\trove4j\1.0.20200330\3afb14d5f9ceb459d724e907a21145e8ff394f02\trove4j-1.0.20200330.jar;C:\Users\detma\.gradle\caches\modules-2\files-2.1\org.jetbrains.kotlin\kotlin-stdlib-common\1.9.0\cd65c21cfd1eec4d44ef09f9f52b6d9f8a720636\kotlin-stdlib-common-1.9.0.jar;C:\Users\detma\.gradle\caches\modules-2\files-2.1\org.jetbrains\annotations\13.0\919f0dfe192fb4e063e7dacadee7f8bb9a2672a9\annotations-13.0.jar
Launcher Type: SUN_STANDARD

[Global flags]
     intx CICompilerCount                          = 12                                        {product} {ergonomic}
     uint ConcGCThreads                            = 3                                         {product} {ergonomic}
     uint G1ConcRefinementThreads                  = 13                                        {product} {ergonomic}
   size_t G1HeapRegionSize                         = 2097152                                   {product} {ergonomic}
    uintx GCDrainStackTargetSize                   = 64                                        {product} {ergonomic}
   size_t InitialHeapSize                          = 260046848                                 {product} {ergonomic}
   size_t MarkStackSize                            = 4194304                                   {product} {ergonomic}
   size_t MaxHeapSize                              = 4141875200                                {product} {ergonomic}
   size_t MaxNewSize                               = 2485125120                                {product} {ergonomic}
   size_t MinHeapDeltaBytes                        = 2097152                                   {product} {ergonomic}
   size_t MinHeapSize                              = 8388608                                   {product} {ergonomic}
    uintx NonNMethodCodeHeapSize                   = 7602480                                {pd product} {ergonomic}
    uintx NonProfiledCodeHeapSize                  = 122027880                              {pd product} {ergonomic}
    uintx ProfiledCodeHeapSize                     = 122027880                              {pd product} {ergonomic}
    uintx ReservedCodeCacheSize                    = 251658240                              {pd product} {ergonomic}
     bool SegmentedCodeCache                       = true                                      {product} {ergonomic}
   size_t SoftMaxHeapSize                          = 4141875200                             {manageable} {ergonomic}
     bool UseCompressedClassPointers               = true                           {product lp64_product} {ergonomic}
     bool UseCompressedOops                        = true                           {product lp64_product} {ergonomic}
     bool UseG1GC                                  = true                                      {product} {ergonomic}
     bool UseLargePagesIndividualAllocation        = false                                  {pd product} {ergonomic}

Logging:
Log output configuration:
 #0: stdout all=warning uptime,level,tags
 #1: stderr all=off uptime,level,tags

Environment Variables:
JAVA_HOME=C:\Program Files\Java\jdk-21
PATH=C:\Program Files\Java;C:\Program Files\Microsoft\jdk-11.0.16.101-hotspot\bin;C:\Program Files (x86)\VMware\VMware Workstation\bin\;C:\Windows\system32;C:\Windows;C:\Windows\System32\Wbem;C:\Windows\System32\WindowsPowerShell\v1.0\;C:\Windows\System32\OpenSSH\;C:\Program Files (x86)\NVIDIA Corporation\PhysX\Common;C:\Program Files\NVIDIA Corporation\NVIDIA NvDLISR;C:\Program Files (x86)\Microsoft SQL Server\160\Tools\Binn\;C:\Program Files\Microsoft SQL Server\160\Tools\Binn\;C:\Program Files\Microsoft SQL Server\Client SDK\ODBC\170\Tools\Binn\;C:\Program Files\Microsoft SQL Server\160\DTS\Binn\;C:\WINDOWS\system32;C:\WINDOWS;C:\WINDOWS\System32\Wbem;C:\WINDOWS\System32\WindowsPowerShell\v1.0\;C:\WINDOWS\System32\OpenSSH\;C:\Program Files (x86)\Microsoft SQL Server\160\DTS\Binn\;C:\Program Files\Azure Data Studio\bin;C:\Program Files\Microsoft SQL Server\150\Tools\Binn\;C:\Program Files\dotnet\;C:\Program Files\Git\cmd;C:\Program Files\PuTTY\;C:\xampp\php;C:\composer;C:\Program Files\nodejs\;D:\kotlin-compiler-1.9.21\kotlinc\bin;C:\Program Files\MySQL\MySQL Shell 8.0\bin\;C:\Users\detma\AppData\Local\Microsoft\WindowsApps;C:\Users\detma\AppData\Local\Programs\Microsoft VS Code\bin;C:\Program Files\Azure Data Studio\bin;C:\Users\detma\AppData\Local\GitHubDesktop\bin;C:\Program Files\qemu;C:\Users\detma\AppData\Local\bin\NASM;C:\Users\detma\AppData\Roaming\Composer\vendor\bin;C:\Users\detma\.dotnet\tools;C:\Users\detma\AppData\Roaming\npm;D:\kotlin-compiler-1.9.21\kotlinc\bin;;C:\Program Files\JetBrains\IntelliJ IDEA Community Edition 2023.3.3\bin;
USERNAME=detma
OS=Windows_NT
PROCESSOR_IDENTIFIER=AMD64 Family 23 Model 96 Stepping 1, AuthenticAMD
TMP=C:\Users\detma\AppData\Local\Temp
TEMP=C:\Users\detma\AppData\Local\Temp



Periodic native trim disabled

JNI global refs:
JNI global refs: 24, weak refs: 6

JNI global refs memory usage: 843, weak refs: 841

OOME stack traces (most recent first):
Classloader memory used:
Loader jdk.internal.loader.ClassLoaders$AppClassLoader                                 : 7545K
Loader bootstrap                                                                       : 1390K
Loader java.net.URLClassLoader                                                         : 230K
Loader jdk.internal.reflect.DelegatingClassLoader                                      : 20776B


---------------  S Y S T E M  ---------------

OS:
 Windows 11 , 64 bit Build 22621 (10.0.22621.3235)
OS uptime: 7 days 11:50 hours
Hyper-V role detected

CPU: total 16 (initial active 16) (16 cores per cpu, 2 threads per core) family 23 model 96 stepping 1 microcode 0x0, cx8, cmov, fxsr, ht, mmx, 3dnowpref, sse, sse2, sse3, ssse3, sse4a, sse4.1, sse4.2, popcnt, lzcnt, tsc, tscinvbit, avx, avx2, aes, clmul, bmi1, bmi2, adx, sha, fma, vzeroupper, clflush, clflushopt, hv
Processor Information for all 16 processors :
  Max Mhz: 2901, Current Mhz: 2901, Mhz Limit: 2901

Memory: 4k page, system-wide physical 15792M (2656M free)
TotalPageFile size 47998M (AvailPageFile size 18M)
current process WorkingSet (physical memory assigned to process): 427M, peak: 431M
current process commit charge ("private bytes"): 577M, peak: 640M

vm_info: OpenJDK 64-Bit Server VM (17.0.9+0--11185874) for windows-amd64 JRE (17.0.9+0--11185874), built on Dec  6 2023 18:57:44 by "androidbuild" with MS VC++ 16.10 / 16.11 (VS2019)

END.
